{
  "RSpec": {
    "coverage": {
      "/Users/Kriss/Desktop/Ruby/projects/vinterior-tech-test/spec/checkout_spec.rb": [
        null,
        null,
        1,
        null,
        null,
        1,
        null,
        null,
        null,
        null,
        1,
        null,
        null,
        null,
        null,
        1,
        1,
        5,
        null,
        1,
        1,
        1,
        1,
        null,
        null,
        null,
        1,
        1,
        1,
        1,
        null,
        null,
        1,
        1,
        1,
        1,
        null,
        null,
        null,
        1,
        1,
        1,
        1,
        1,
        1,
        null,
        null,
        1,
        1,
        1,
        1,
        1,
        null,
        null,
        null
      ],
      "/Users/Kriss/Desktop/Ruby/projects/vinterior-tech-test/lib/checkout.rb": [
        null,
        null,
        1,
        1,
        1,
        6,
        6,
        6,
        null,
        null,
        1,
        9,
        null,
        null,
        1,
        4,
        8,
        null,
        4,
        4,
        null,
        null,
        1,
        4,
        6,
        3,
        3,
        3,
        null,
        null,
        null,
        null,
        1,
        3,
        8,
        null,
        null,
        3,
        1,
        2,
        2,
        null,
        null,
        null,
        null,
        1,
        3,
        null,
        null,
        null
      ]
    },
    "timestamp": 1579300320
  }
}
